# JRE version: Java(TM) SE Runtime Environment (9.0+11) (build 9.0.4+11)
# Java VM: Java HotSpot(TM) 64-Bit Server VM (9.0.4+11, mixed mode, tiered, compressed oops, g1 gc, windows-amd64)
Heap:
 garbage-first heap   total 189440K, used 74173K [0x0000000700000000, 0x00000007001005c8, 0x00000007c0000000)
  region size 1024K, 18 young (18432K), 5 survivors (5120K)
 Metaspace       used 73215K, capacity 77989K, committed 78104K, reserved 1116160K
  class space    used 10123K, capacity 10979K, committed 11032K, reserved 1048576K
GC Heap History (10 events):
Event: 34.680 GC heap before
{Heap before GC invocations=27 (full 1):
 garbage-first heap   total 189440K, used 118951K [0x0000000700000000, 0x00000007001005c8, 0x00000007c0000000)
  region size 1024K, 60 young (61440K), 2 survivors (2048K)
 Metaspace       used 72269K, capacity 76615K, committed 76952K, reserved 1116160K
  class space    used 10010K, capacity 10790K, committed 10904K, reserved 1048576K
}
Event: 34.683 GC heap after
{Heap after GC invocations=28 (full 1):
 garbage-first heap   total 189440K, used 61717K [0x0000000700000000, 0x00000007001005c8, 0x00000007c0000000)
  region size 1024K, 4 young (4096K), 4 survivors (4096K)
 Metaspace       used 72269K, capacity 76615K, committed 76952K, reserved 1116160K
  class space    used 10010K, capacity 10790K, committed 10904K, reserved 1048576K
}
Event: 34.950 GC heap before
{Heap before GC invocations=28 (full 1):
 garbage-first heap   total 189440K, used 119061K [0x0000000700000000, 0x00000007001005c8, 0x00000007c0000000)
  region size 1024K, 60 young (61440K), 4 survivors (4096K)
 Metaspace       used 72898K, capacity 77733K, committed 77848K, reserved 1116160K
  class space    used 10123K, capacity 10979K, committed 11032K, reserved 1048576K
}
Event: 34.952 GC heap after
{Heap after GC invocations=29 (full 1):
 garbage-first heap   total 189440K, used 61894K [0x0000000700000000, 0x00000007001005c8, 0x00000007c0000000)
  region size 1024K, 5 young (5120K), 5 survivors (5120K)
 Metaspace       used 72898K, capacity 77733K, committed 77848K, reserved 1116160K
  class space    used 10123K, capacity 10979K, committed 11032K, reserved 1048576K
}
Event: 36.615 GC heap before
{Heap before GC invocations=29 (full 1):
 garbage-first heap   total 189440K, used 118214K [0x0000000700000000, 0x00000007001005c8, 0x00000007c0000000)
  region size 1024K, 61 young (62464K), 5 survivors (5120K)
 Metaspace       used 72984K, capacity 77797K, committed 78104K, reserved 1116160K
  class space    used 10123K, capacity 10979K, committed 11032K, reserved 1048576K
}
Event: 36.617 GC heap after
{Heap after GC invocations=30 (full 1):
 garbage-first heap   total 189440K, used 61922K [0x0000000700000000, 0x00000007001005c8, 0x00000007c0000000)
  region size 1024K, 5 young (5120K), 5 survivors (5120K)
 Metaspace       used 72984K, capacity 77797K, committed 78104K, reserved 1116160K
  class space    used 10123K, capacity 10979K, committed 11032K, reserved 1048576K
}
Event: 38.862 GC heap before
{Heap before GC invocations=30 (full 1):
 garbage-first heap   total 189440K, used 118242K [0x0000000700000000, 0x00000007001005c8, 0x00000007c0000000)
  region size 1024K, 60 young (61440K), 5 survivors (5120K)
 Metaspace       used 73113K, capacity 77925K, committed 78104K, reserved 1116160K
  class space    used 10123K, capacity 10979K, committed 11032K, reserved 1048576K
}
Event: 38.864 GC heap after
{Heap after GC invocations=31 (full 1):
 garbage-first heap   total 189440K, used 61933K [0x0000000700000000, 0x00000007001005c8, 0x00000007c0000000)
  region size 1024K, 5 young (5120K), 5 survivors (5120K)
 Metaspace       used 73113K, capacity 77925K, committed 78104K, reserved 1116160K
  class space    used 10123K, capacity 10979K, committed 11032K, reserved 1048576K
}
Event: 39.086 GC heap before
{Heap before GC invocations=31 (full 1):
 garbage-first heap   total 189440K, used 118253K [0x0000000700000000, 0x00000007001005c8, 0x00000007c0000000)
  region size 1024K, 60 young (61440K), 5 survivors (5120K)
 Metaspace       used 73190K, capacity 77989K, committed 78104K, reserved 1116160K
  class space    used 10123K, capacity 10979K, committed 11032K, reserved 1048576K
}
Event: 39.089 GC heap after
{Heap after GC invocations=32 (full 1):
 garbage-first heap   total 189440K, used 61885K [0x0000000700000000, 0x00000007001005c8, 0x00000007c0000000)
  region size 1024K, 5 young (5120K), 5 survivors (5120K)
 Metaspace       used 73190K, capacity 77989K, committed 78104K, reserved 1116160K
  class space    used 10123K, capacity 10979K, committed 11032K, reserved 1048576K
}

